# JRE version: OpenJDK Runtime Environment (21.0.1+12) (build 21.0.1+12-29)
# Java VM: OpenJDK 64-Bit Server VM (21.0.1+12-29, mixed mode, sharing, tiered, compressed oops, compressed class ptrs, g1 gc, bsd-aarch64)
Heap:
 garbage-first heap   total 78848K, used 46947K [0x0000000780000000, 0x0000000800000000)
  region size 1024K, 23 young (23552K), 5 survivors (5120K)
 Metaspace       used 40437K, committed 40960K, reserved 1114112K
  class space    used 5342K, committed 5632K, reserved 1048576K
GC Heap History (16 events):
Event: 2.211 GC heap before
{Heap before GC invocations=0 (full 0):
 garbage-first heap   total 133120K, used 23564K [0x0000000780000000, 0x0000000800000000)
  region size 1024K, 23 young (23552K), 0 survivors (0K)
 Metaspace       used 4946K, committed 5120K, reserved 1114112K
  class space    used 556K, committed 640K, reserved 1048576K
}
Event: 2.213 GC heap after
{Heap after GC invocations=1 (full 0):
 garbage-first heap   total 133120K, used 4585K [0x0000000780000000, 0x0000000800000000)
  region size 1024K, 3 young (3072K), 3 survivors (3072K)
 Metaspace       used 4946K, committed 5120K, reserved 1114112K
  class space    used 556K, committed 640K, reserved 1048576K
}
Event: 2.488 GC heap before
{Heap before GC invocations=1 (full 0):
 garbage-first heap   total 133120K, used 43497K [0x0000000780000000, 0x0000000800000000)
  region size 1024K, 42 young (43008K), 3 survivors (3072K)
 Metaspace       used 13321K, committed 13632K, reserved 1114112K
  class space    used 1952K, committed 2112K, reserved 1048576K
}
Event: 2.491 GC heap after
{Heap after GC invocations=2 (full 0):
 garbage-first heap   total 133120K, used 8558K [0x0000000780000000, 0x0000000800000000)
  region size 1024K, 6 young (6144K), 6 survivors (6144K)
 Metaspace       used 13321K, committed 13632K, reserved 1114112K
  class space    used 1952K, committed 2112K, reserved 1048576K
}
Event: 3.808 GC heap before
{Heap before GC invocations=2 (full 0):
 garbage-first heap   total 133120K, used 46446K [0x0000000780000000, 0x0000000800000000)
  region size 1024K, 40 young (40960K), 6 survivors (6144K)
 Metaspace       used 21130K, committed 21504K, reserved 1114112K
  class space    used 3150K, committed 3328K, reserved 1048576K
}
Event: 3.812 GC heap after
{Heap after GC invocations=3 (full 0):
 garbage-first heap   total 133120K, used 15657K [0x0000000780000000, 0x0000000800000000)
  region size 1024K, 8 young (8192K), 8 survivors (8192K)
 Metaspace       used 21130K, committed 21504K, reserved 1114112K
  class space    used 3150K, committed 3328K, reserved 1048576K
}
Event: 4.625 GC heap before
{Heap before GC invocations=4 (full 0):
 garbage-first heap   total 65536K, used 46377K [0x0000000780000000, 0x0000000800000000)
  region size 1024K, 38 young (38912K), 8 survivors (8192K)
 Metaspace       used 34154K, committed 34560K, reserved 1114112K
  class space    used 4800K, committed 4992K, reserved 1048576K
}
Event: 4.629 GC heap after
{Heap after GC invocations=5 (full 0):
 garbage-first heap   total 65536K, used 18683K [0x0000000780000000, 0x0000000800000000)
  region size 1024K, 4 young (4096K), 4 survivors (4096K)
 Metaspace       used 34154K, committed 34560K, reserved 1114112K
  class space    used 4800K, committed 4992K, reserved 1048576K
}
Event: 4.693 GC heap before
{Heap before GC invocations=5 (full 0):
 garbage-first heap   total 65536K, used 21755K [0x0000000780000000, 0x0000000800000000)
  region size 1024K, 8 young (8192K), 4 survivors (4096K)
 Metaspace       used 35727K, committed 36160K, reserved 1114112K
  class space    used 4985K, committed 5184K, reserved 1048576K
}
Event: 4.695 GC heap after
{Heap after GC invocations=6 (full 0):
 garbage-first heap   total 65536K, used 19391K [0x0000000780000000, 0x0000000800000000)
  region size 1024K, 1 young (1024K), 1 survivors (1024K)
 Metaspace       used 35727K, committed 36160K, reserved 1114112K
  class space    used 4985K, committed 5184K, reserved 1048576K
}
Event: 4.702 GC heap before
{Heap before GC invocations=6 (full 0):
 garbage-first heap   total 65536K, used 20415K [0x0000000780000000, 0x0000000800000000)
  region size 1024K, 3 young (3072K), 1 survivors (1024K)
 Metaspace       used 36078K, committed 36480K, reserved 1114112K
  class space    used 5016K, committed 5184K, reserved 1048576K
}
Event: 4.702 GC heap after
{Heap after GC invocations=7 (full 0):
 garbage-first heap   total 65536K, used 18958K [0x0000000780000000, 0x0000000800000000)
  region size 1024K, 1 young (1024K), 1 survivors (1024K)
 Metaspace       used 36078K, committed 36480K, reserved 1114112K
  class space    used 5016K, committed 5184K, reserved 1048576K
}
Event: 5.207 GC heap before
{Heap before GC invocations=8 (full 0):
 garbage-first heap   total 65536K, used 52750K [0x0000000780000000, 0x0000000800000000)
  region size 1024K, 35 young (35840K), 1 survivors (1024K)
 Metaspace       used 39859K, committed 40320K, reserved 1114112K
  class space    used 5324K, committed 5504K, reserved 1048576K
}
Event: 5.209 GC heap after
{Heap after GC invocations=9 (full 0):
 garbage-first heap   total 78848K, used 25503K [0x0000000780000000, 0x0000000800000000)
  region size 1024K, 5 young (5120K), 5 survivors (5120K)
 Metaspace       used 39859K, committed 40320K, reserved 1114112K
  class space    used 5324K, committed 5504K, reserved 1048576K
}
Event: 6.772 GC heap before
{Heap before GC invocations=9 (full 0):
 garbage-first heap   total 78848K, used 63391K [0x0000000780000000, 0x0000000800000000)
  region size 1024K, 43 young (44032K), 5 survivors (5120K)
 Metaspace       used 40241K, committed 40640K, reserved 1114112K
  class space    used 5332K, committed 5504K, reserved 1048576K
}
Event: 6.776 GC heap after
{Heap after GC invocations=10 (full 0):
 garbage-first heap   total 78848K, used 29537K [0x0000000780000000, 0x0000000800000000)
  region size 1024K, 5 young (5120K), 5 survivors (5120K)
 Metaspace       used 40241K, committed 40640K, reserved 1114112K
  class space    used 5332K, committed 5504K, reserved 1048576K
}

